{"/home/sa/Documents/Hexlet/frontend-project-lvl2/index.js": {"path":"/home/sa/Documents/Hexlet/frontend-project-lvl2/index.js","all":false,"statementMap":{"0":{"start":{"line":1,"column":0},"end":{"line":1,"column":39}},"1":{"start":{"line":2,"column":0},"end":{"line":2,"column":0}},"2":{"start":{"line":3,"column":0},"end":{"line":3,"column":23}}},"s":{"0":1,"1":1,"2":1},"branchMap":{},"b":{},"fnMap":{},"f":{}}
,"/home/sa/Documents/Hexlet/frontend-project-lvl2/src/genDiff.js": {"path":"/home/sa/Documents/Hexlet/frontend-project-lvl2/src/genDiff.js","all":false,"statementMap":{"0":{"start":{"line":1,"column":0},"end":{"line":1,"column":23}},"1":{"start":{"line":2,"column":0},"end":{"line":2,"column":0}},"2":{"start":{"line":3,"column":0},"end":{"line":3,"column":34}},"3":{"start":{"line":4,"column":0},"end":{"line":4,"column":34}},"4":{"start":{"line":5,"column":0},"end":{"line":5,"column":34}},"5":{"start":{"line":6,"column":0},"end":{"line":6,"column":60}},"6":{"start":{"line":7,"column":0},"end":{"line":7,"column":34}},"7":{"start":{"line":8,"column":0},"end":{"line":8,"column":67}},"8":{"start":{"line":9,"column":0},"end":{"line":9,"column":67}},"9":{"start":{"line":10,"column":0},"end":{"line":10,"column":38}},"10":{"start":{"line":11,"column":0},"end":{"line":11,"column":35}},"11":{"start":{"line":12,"column":0},"end":{"line":12,"column":63}},"12":{"start":{"line":13,"column":0},"end":{"line":13,"column":5}},"13":{"start":{"line":14,"column":0},"end":{"line":14,"column":70}},"14":{"start":{"line":15,"column":0},"end":{"line":15,"column":2}}},"s":{"0":1,"1":1,"2":1,"3":9,"4":9,"5":9,"6":9,"7":31,"8":31,"9":31,"10":2,"11":31,"12":31,"13":9,"14":9},"branchMap":{"0":{"type":"branch","line":3,"loc":{"start":{"line":3,"column":15},"end":{"line":15,"column":2}},"locations":[{"start":{"line":3,"column":15},"end":{"line":15,"column":2}}]},"1":{"type":"branch","line":7,"loc":{"start":{"line":7,"column":25},"end":{"line":13,"column":5}},"locations":[{"start":{"line":7,"column":25},"end":{"line":13,"column":5}}]},"2":{"type":"branch","line":8,"loc":{"start":{"line":8,"column":28},"end":{"line":8,"column":67}},"locations":[{"start":{"line":8,"column":28},"end":{"line":8,"column":67}}]},"3":{"type":"branch","line":9,"loc":{"start":{"line":9,"column":-1},"end":{"line":9,"column":8}},"locations":[{"start":{"line":9,"column":-1},"end":{"line":9,"column":8}}]},"4":{"type":"branch","line":9,"loc":{"start":{"line":9,"column":28},"end":{"line":9,"column":67}},"locations":[{"start":{"line":9,"column":28},"end":{"line":9,"column":67}}]},"5":{"type":"branch","line":10,"loc":{"start":{"line":10,"column":11},"end":{"line":11,"column":10}},"locations":[{"start":{"line":10,"column":11},"end":{"line":11,"column":10}}]},"6":{"type":"branch","line":10,"loc":{"start":{"line":10,"column":11},"end":{"line":12,"column":10}},"locations":[{"start":{"line":10,"column":11},"end":{"line":12,"column":10}}]},"7":{"type":"branch","line":14,"loc":{"start":{"line":14,"column":35},"end":{"line":14,"column":54}},"locations":[{"start":{"line":14,"column":35},"end":{"line":14,"column":54}}]}},"b":{"0":[9],"1":[31],"2":[10],"3":[21],"4":[10],"5":[9],"6":[2],"7":[33]},"fnMap":{"0":{"name":"default","decl":{"start":{"line":3,"column":15},"end":{"line":15,"column":2}},"loc":{"start":{"line":3,"column":15},"end":{"line":15,"column":2}},"line":3}},"f":{"0":9}}
}
